[LOG] System::create                           : Header version = 2.02.18. Current version = 2.02.18.
[LOG] Manager::init                            : maxchannels = 256 studioflags = 00000006 flags 00000000 extradriverdata 0000000000000000.
[LOG] SystemI::init                            : Initialize version=20218 (137105), maxchannels=256, flags=0x00020000
[LOG] SystemI::setOutputInternal               : Setting output to 'FMOD WASAPI Output'
[LOG] OutputWASAPI::init                       : Mix Format (WAVEFORMATEX): wFormatTag=0xFFFE, nChannels=2, nSamplesPerSec=48000, nAvgBytesPerSec=384000, nBlockAlign=8, wBitsPerSample=32, cbSize=22.
[LOG] OutputWASAPI::init                       : Mix Format (WAVEFORMATEXTENSIBLE): wValidBitsPerSample=32, dwChannelMask=0x00000003, SubFormat=00000003-0000-0010-8000-00AA00389B71.
[LOG] OutputWASAPI::init                       : Output buffer size: 4096 samples, latency: 0.00ms, period: 10.00ms, DSP buffer: 1024 * 4
[LOG] Thread::initThread                       : Init FMOD stream thread. Affinity: 0x4000000000000003, Priority: 0xFFFF7FFB, Stack Size: 98304, Semaphore: No, Sleep Time: 10, Looping: Yes.
[LOG] Thread::initThread                       : Init FMOD mixer thread. Affinity: 0x4000000000000001, Priority: 0xFFFF7FFA, Stack Size: 81920, Semaphore: No, Sleep Time: 0, Looping: Yes.
[LOG] AsyncManager::init                       : manager 00000202B39C6558 isAsync 0 updatePeriod 0.02
[LOG] AsyncManager::init                       : done
[LOG] PlaybackSystem::init                     : 
[LOG] Thread::initThread                       : Init FMOD Studio sample load thread. Affinity: 0x4000000000000003, Priority: 0xFFFF7FFD, Stack Size: 98304, Semaphore: No, Sleep Time: 1, Looping: No.
[LOG] PlaybackSystem::init                     : done
[LOG] Thread::initThread                       : Init FMOD Studio bank load thread. Affinity: 0x4000000000000003, Priority: 0xFFFF7FFD, Stack Size: 98304, Semaphore: No, Sleep Time: 1, Looping: No.
[LOG] Manager::init                            : done.
[LOG] Manager::readBank                        : fileversion = 142, compatVersion = 140 (oldest = 44, newest = 142)
[LOG] Manager::readBank                        : fileversion = 142, compatVersion = 140 (oldest = 44, newest = 142)
[LOG] Manager::readBank                        : fileversion = 142, compatVersion = 140 (oldest = 44, newest = 142)
[LOG] PlaybackSystem::acquireMasterBus         : Setting master channel group format to 6
[LOG] Manager::readBank                        : fileversion = 142, compatVersion = 140 (oldest = 44, newest = 142)
[LOG] Manager::readBank                        : fileversion = 142, compatVersion = 140 (oldest = 44, newest = 142)
[LOG] SystemI::createSoundInternal             : Create name='', mode=0x02000202
[LOG] SystemI::createSoundInternal             : exinfo->cbsize             = 224
[LOG] SystemI::createSoundInternal             : exinfo->length             = 537984
[LOG] SystemI::createSoundInternal             : exinfo->fileoffset         = 16288
[LOG] SystemI::createSoundInternal             : exinfo->numsubsounds       = 1
[LOG] SystemI::createSoundInternal             : exinfo->inclusionlist      = 00000060436FEFC8
[LOG] SystemI::createSoundInternal             : exinfo->inclusionlistnum   = 1
[LOG] SystemI::createSoundInternal             : exinfo->suggestedsoundtype = 5
[LOG] SystemI::createSoundInternal             : exinfo->useropen           = 00007FFBF6EA3FA0
[LOG] SystemI::createSoundInternal             : exinfo->userclose          = 00007FFBF6EA3F60
[LOG] SystemI::createSoundInternal             : exinfo->userread           = 00007FFBF6EA4080
[LOG] SystemI::createSoundInternal             : exinfo->userseek           = 00007FFBF6EA4140
[LOG] SystemI::createSoundInternal             : exinfo->fileuserdata       = 0000020152656158
[LOG] SystemI::createSoundInternal             : exinfo->initialseekpostype = 1
[LOG] SystemI::DSPCodecPoolRegister            : register codec pool for pool type 5
[LOG] SystemI::createSoundInternal             : Sample 0/1: name='Pistol shot Sound 4', format=5, channels=2, frequency=48000, lengthbytes=7648, lengthpcm=48230, pcmblocksize=0, loopstart=0, loopend=47998, mode=0x00000000, channelmask=0x00000000, channelorder=0, peakvolume=0.975433.
[LOG] SystemI::createSoundInternal             : Create name='', mode=0x02000202
[LOG] SystemI::createSoundInternal             : exinfo->cbsize             = 224
[LOG] SystemI::createSoundInternal             : exinfo->length             = 537984
[LOG] SystemI::createSoundInternal             : exinfo->fileoffset         = 16288
[LOG] SystemI::createSoundInternal             : exinfo->numsubsounds       = 1
[LOG] SystemI::createSoundInternal             : exinfo->inclusionlist      = 00000060436FEFC8
[LOG] SystemI::createSoundInternal             : exinfo->inclusionlistnum   = 1
[LOG] SystemI::createSoundInternal             : exinfo->suggestedsoundtype = 5
[LOG] SystemI::createSoundInternal             : exinfo->useropen           = 00007FFBF6EA3FA0
[LOG] SystemI::createSoundInternal             : exinfo->userclose          = 00007FFBF6EA3F60
[LOG] SystemI::createSoundInternal             : exinfo->userread           = 00007FFBF6EA4080
[LOG] SystemI::createSoundInternal             : exinfo->userseek           = 00007FFBF6EA4140
[LOG] SystemI::createSoundInternal             : exinfo->fileuserdata       = 000002025A8B88A8
[LOG] SystemI::createSoundInternal             : exinfo->initialseekpostype = 1
[LOG] SystemI::DSPCodecPoolRegister            : register codec pool for pool type 5
[LOG] SystemI::createSoundInternal             : Sample 0/1: name='Jump SFX', format=5, channels=2, frequency=48000, lengthbytes=3232, lengthpcm=17554, pcmblocksize=0, loopstart=0, loopend=0, mode=0x00000000, channelmask=0x00000000, channelorder=0, peakvolume=0.173492.
[LOG] SystemI::createSoundInternal             : Create name='', mode=0x02000202
[LOG] SystemI::createSoundInternal             : exinfo->cbsize             = 224
[LOG] SystemI::createSoundInternal             : exinfo->length             = 537984
[LOG] SystemI::createSoundInternal             : exinfo->fileoffset         = 16288
[LOG] SystemI::createSoundInternal             : exinfo->numsubsounds       = 1
[LOG] SystemI::createSoundInternal             : exinfo->inclusionlist      = 00000060436FEFC8
[LOG] SystemI::createSoundInternal             : exinfo->inclusionlistnum   = 1
[LOG] SystemI::createSoundInternal             : exinfo->suggestedsoundtype = 5
[LOG] SystemI::createSoundInternal             : exinfo->useropen           = 00007FFBF6EA3FA0
[LOG] SystemI::createSoundInternal             : exinfo->userclose          = 00007FFBF6EA3F60
[LOG] SystemI::createSoundInternal             : exinfo->userread           = 00007FFBF6EA4080
[LOG] SystemI::createSoundInternal             : exinfo->userseek           = 00007FFBF6EA4140
[LOG] SystemI::createSoundInternal             : exinfo->fileuserdata       = 00000201706806B8
[LOG] SystemI::createSoundInternal             : exinfo->initialseekpostype = 1
[LOG] SystemI::DSPCodecPoolRegister            : register codec pool for pool type 5
[LOG] SystemI::createSoundInternal             : Sample 0/1: name='Dash', format=5, channels=2, frequency=48000, lengthbytes=4384, lengthpcm=23823, pcmblocksize=0, loopstart=0, loopend=14778, mode=0x00000000, channelmask=0x00000000, channelorder=0, peakvolume=0.468079.
[LOG] SystemI::createSoundInternal             : Create name='', mode=0x02000202
[LOG] SystemI::createSoundInternal             : exinfo->cbsize             = 224
[LOG] SystemI::createSoundInternal             : exinfo->length             = 537984
[LOG] SystemI::createSoundInternal             : exinfo->fileoffset         = 16288
[LOG] SystemI::createSoundInternal             : exinfo->numsubsounds       = 1
[LOG] SystemI::createSoundInternal             : exinfo->inclusionlist      = 00000060436FEFC8
[LOG] SystemI::createSoundInternal             : exinfo->inclusionlistnum   = 1
[LOG] SystemI::createSoundInternal             : exinfo->suggestedsoundtype = 5
[LOG] SystemI::createSoundInternal             : exinfo->useropen           = 00007FFBF6EA3FA0
[LOG] SystemI::createSoundInternal             : exinfo->userclose          = 00007FFBF6EA3F60
[LOG] SystemI::createSoundInternal             : exinfo->userread           = 00007FFBF6EA4080
[LOG] SystemI::createSoundInternal             : exinfo->userseek           = 00007FFBF6EA4140
[LOG] SystemI::createSoundInternal             : exinfo->fileuserdata       = 00000201706806B8
[LOG] SystemI::createSoundInternal             : exinfo->initialseekpostype = 1
[LOG] SystemI::DSPCodecPoolRegister            : register codec pool for pool type 5
[LOG] SystemI::createSoundInternal             : Sample 0/1: name='Gravity Switch 2', format=5, channels=2, frequency=48000, lengthbytes=16672, lengthpcm=103154, pcmblocksize=0, loopstart=0, loopend=83768, mode=0x00000000, channelmask=0x00000000, channelorder=0, peakvolume=0.933533.
[LOG] SoundI::release                          : Battle Music Mixed and WIP (0000020258B63928)
[LOG] SoundI::release                          :     Battle Music Mixed and WIP (000002025AC49938)
[LOG] SoundI::release                          :     Battle Music Mixed and WIP (000002025A5CB2F8)
[LOG] SoundI::release                          :  (0000020170201528)
[LOG] SoundI::release                          :     Pistol shot Sound 4 (00000202B7227EF8)
[LOG] SoundI::release                          :  (00000201702020A8)
[LOG] SoundI::release                          :     Dash (000002029B0F1E38)
[LOG] SoundI::release                          :  (0000020170202F08)
[LOG] SoundI::release                          :     Jump SFX (000002029B0EE3B8)
[LOG] SoundI::release                          :  (00000201702010D8)
[LOG] SoundI::release                          :     Gravity Switch 2 (000002029B0F12D8)
[LOG] Thread::callback                         : FMOD Studio update thread finished.
[LOG] Thread::callback                         : FMOD Studio bank load thread finished.
[LOG] Profile::disconnectAll                   : Profiler disconnecting all clients
[LOG] Thread::callback                         : FMOD Studio sample load thread finished.
[LOG] LiveUpdate::release                      : 
[LOG] LiveUpdate::reset                        : Reset connection (reason Disconnected)
[LOG] Thread::callback                         : FMOD stream thread finished.
[LOG] Thread::callback                         : FMOD mixer thread finished.
[LOG] Profile::disconnectAll                   : Profiler disconnecting all clients
[LOG] SystemI::close                           : Closed.
[LOG] Thread::callback                         : FMOD Studio bank load thread finished.
[LOG] Thread::callback                         : FMOD Studio sample load thread finished.
[LOG] LiveUpdate::release                      : 
[LOG] LiveUpdate::reset                        : Reset connection (reason Disconnected)
[LOG] Thread::callback                         : FMOD stream thread finished.
[LOG] Thread::callback                         : FMOD mixer thread finished.
[LOG] SystemI::close                           : Closed.
[LOG] Thread::callback                         : FMOD nonblocking thread (0) finished.
[LOG] Thread::callback                         : FMOD file thread finished.
